<?xml version="1.0" encoding="UTF-8"?>
<!-- Generated by org.testng.reporters.JUnitXMLReporter -->
<testsuite ignored="0" hostname="LAPTOP-RTL0T184" failures="0" tests="3" name="Nav" time="26.685" errors="0" timestamp="2023-04-13T17:40:11 EDT">
  <testcase classname="com.devinarena.NavigateTest" name="navigateTest" time="8.34"/>
  <testcase classname="com.devinarena.NavigateTest" name="loginTest" time="4.463"/>
  <testcase classname="com.devinarena.NavigateTest" name="findProblemTest" time="11.602"/>
</testsuite> <!-- Nav -->
