<?xml version="1.0" encoding="UTF-8"?>
<testsuite xmlns:xsi="http://www.w3.org/2001/XMLSchema-instance" xsi:noNamespaceSchemaLocation="https://maven.apache.org/surefire/maven-surefire-plugin/xsd/surefire-test-report-3.0.xsd" version="3.0" name="TestSuite" time="33.187" tests="10" errors="0" skipped="3" failures="2">
  <properties>
[...]
</properties>
  <testcase name="navigateTest" classname="com.devinarena.NavigateTest" time="4.71">
    <system-err><![CDATA[SLF4J: Failed to load class "org.slf4j.impl.StaticLoggerBinder".
SLF4J: Defaulting to no-operation (NOP) logger implementation
SLF4J: See http://www.slf4j.org/codes.html#StaticLoggerBinder for further details.
Starting ChromeDriver 111.0.5563.64 (c710e93d5b63b7095afe8c2c17df34408078439d-refs/branch-heads/5563@{#995}) on port 15624
Only local connections are allowed.
Please see https://chromedriver.chromium.org/security-considerations for suggestions on keeping ChromeDriver safe.
ChromeDriver was started successfully.
]]></system-err>
  </testcase>
  <testcase name="loginTest" classname="com.devinarena.NavigateTest" time="6.208"/>
  <testcase name="findProblemTest[23. Merge k Sorted Lists](1)" classname="com.devinarena.NavigateTest" time="8.693"/>
  <testcase name="changeLanguageTest[python](1)" classname="com.devinarena.SolverTest" time="1.636"/>
  <testcase name="clearPrevious" classname="com.devinarena.SolverTest" time="2.129"/>
  <testcase name="failProblem" classname="com.devinarena.SolverTest" time="5.074">
    <failure message="no such element: Unable to locate element: {&quot;method&quot;:&quot;xpath&quot;,&quot;selector&quot;:&quot;//*[@id=&quot;qd-content&quot;]/div[3]/div/div[3]/div/div/div[1]/div/div[3]/div[4]&quot;}&#10;  (Session info: chrome=111.0.5563.147)&#10;For documentation on this error, please visit: https://selenium.dev/exceptions/#no_such_element&#10;Build info: version: &apos;4.8.3&apos;, revision: &apos;e5e76298c3&apos;&#10;System info: os.name: &apos;Windows 10&apos;, os.arch: &apos;amd64&apos;, os.version: &apos;10.0&apos;, java.version: &apos;17.0.2&apos;&#10;Driver info: org.openqa.selenium.chrome.ChromeDriver&#10;Command: [c86b4d815f7a5f33917616f0a880e5fd, findElement {using=xpath, value=//*[@id=&quot;qd-content&quot;]/div[3]/div/div[3]/div/div/div[1]/div/div[3]/div[4]}]&#10;Capabilities {acceptInsecureCerts: false, browserName: chrome, browserVersion: 111.0.5563.147, chrome: {chromedriverVersion: 111.0.5563.64 (c710e93d5b63..., userDataDir: C:\Users\devin\AppData\Loca...}, goog:chromeOptions: {debuggerAddress: localhost:49597}, networkConnectionEnabled: false, pageLoadStrategy: normal, platformName: WINDOWS, proxy: Proxy(), se:cdp: ws://localhost:49597/devtoo..., se:cdpVersion: 111.0.5563.147, setWindowRect: true, strictFileInteractability: false, timeouts: {implicit: 0, pageLoad: 300000, script: 30000}, unhandledPromptBehavior: dismiss and notify, webauthn:extension:credBlob: true, webauthn:extension:largeBlob: true, webauthn:extension:minPinLength: true, webauthn:extension:prf: true, webauthn:virtualAuthenticators: true}&#10;Session ID: c86b4d815f7a5f33917616f0a880e5fd" type="org.openqa.selenium.NoSuchElementException"><![CDATA[org.openqa.selenium.NoSuchElementException: 
no such element: Unable to locate element: {"method":"xpath","selector":"//*[@id="qd-content"]/div[3]/div/div[3]/div/div/div[1]/div/div[3]/div[4]"}
  (Session info: chrome=111.0.5563.147)
For documentation on this error, please visit: https://selenium.dev/exceptions/#no_such_element
Build info: version: '4.8.3', revision: 'e5e76298c3'
System info: os.name: 'Windows 10', os.arch: 'amd64', os.version: '10.0', java.version: '17.0.2'
Driver info: org.openqa.selenium.chrome.ChromeDriver
Command: [c86b4d815f7a5f33917616f0a880e5fd, findElement {using=xpath, value=//*[@id="qd-content"]/div[3]/div/div[3]/div/div/div[1]/div/div[3]/div[4]}]
Capabilities {acceptInsecureCerts: false, browserName: chrome, browserVersion: 111.0.5563.147, chrome: {chromedriverVersion: 111.0.5563.64 (c710e93d5b63..., userDataDir: C:\Users\devin\AppData\Loca...}, goog:chromeOptions: {debuggerAddress: localhost:49597}, networkConnectionEnabled: false, pageLoadStrategy: normal, platformName: WINDOWS, proxy: Proxy(), se:cdp: ws://localhost:49597/devtoo..., se:cdpVersion: 111.0.5563.147, setWindowRect: true, strictFileInteractability: false, timeouts: {implicit: 0, pageLoad: 300000, script: 30000}, unhandledPromptBehavior: dismiss and notify, webauthn:extension:credBlob: true, webauthn:extension:largeBlob: true, webauthn:extension:minPinLength: true, webauthn:extension:prf: true, webauthn:virtualAuthenticators: true}
Session ID: c86b4d815f7a5f33917616f0a880e5fd
	at com.devinarena.SolverTest.failProblem(SolverTest.java:56)
]]></failure>
  </testcase>
  <testcase name="attemptSolve[23](1)" classname="com.devinarena.SolverTest" time="2.563">
    <failure message="no such window: target window already closed&#10;from unknown error: web view not found&#10;  (Session info: chrome=111.0.5563.147)&#10;Build info: version: &apos;4.8.3&apos;, revision: &apos;e5e76298c3&apos;&#10;System info: os.name: &apos;Windows 10&apos;, os.arch: &apos;amd64&apos;, os.version: &apos;10.0&apos;, java.version: &apos;17.0.2&apos;&#10;Driver info: org.openqa.selenium.chrome.ChromeDriver&#10;Command: [c86b4d815f7a5f33917616f0a880e5fd, findElement {using=xpath, value=//*[@id=&quot;qd-content&quot;]/div[3]}]&#10;Capabilities {acceptInsecureCerts: false, browserName: chrome, browserVersion: 111.0.5563.147, chrome: {chromedriverVersion: 111.0.5563.64 (c710e93d5b63..., userDataDir: C:\Users\devin\AppData\Loca...}, goog:chromeOptions: {debuggerAddress: localhost:49597}, networkConnectionEnabled: false, pageLoadStrategy: normal, platformName: WINDOWS, proxy: Proxy(), se:cdp: ws://localhost:49597/devtoo..., se:cdpVersion: 111.0.5563.147, setWindowRect: true, strictFileInteractability: false, timeouts: {implicit: 0, pageLoad: 300000, script: 30000}, unhandledPromptBehavior: dismiss and notify, webauthn:extension:credBlob: true, webauthn:extension:largeBlob: true, webauthn:extension:minPinLength: true, webauthn:extension:prf: true, webauthn:virtualAuthenticators: true}&#10;Session ID: c86b4d815f7a5f33917616f0a880e5fd" type="org.openqa.selenium.NoSuchWindowException"><![CDATA[org.openqa.selenium.NoSuchWindowException: 
no such window: target window already closed
from unknown error: web view not found
  (Session info: chrome=111.0.5563.147)
Build info: version: '4.8.3', revision: 'e5e76298c3'
System info: os.name: 'Windows 10', os.arch: 'amd64', os.version: '10.0', java.version: '17.0.2'
Driver info: org.openqa.selenium.chrome.ChromeDriver
Command: [c86b4d815f7a5f33917616f0a880e5fd, findElement {using=xpath, value=//*[@id="qd-content"]/div[3]}]
Capabilities {acceptInsecureCerts: false, browserName: chrome, browserVersion: 111.0.5563.147, chrome: {chromedriverVersion: 111.0.5563.64 (c710e93d5b63..., userDataDir: C:\Users\devin\AppData\Loca...}, goog:chromeOptions: {debuggerAddress: localhost:49597}, networkConnectionEnabled: false, pageLoadStrategy: normal, platformName: WINDOWS, proxy: Proxy(), se:cdp: ws://localhost:49597/devtoo..., se:cdpVersion: 111.0.5563.147, setWindowRect: true, strictFileInteractability: false, timeouts: {implicit: 0, pageLoad: 300000, script: 30000}, unhandledPromptBehavior: dismiss and notify, webauthn:extension:credBlob: true, webauthn:extension:largeBlob: true, webauthn:extension:minPinLength: true, webauthn:extension:prf: true, webauthn:virtualAuthenticators: true}
Session ID: c86b4d815f7a5f33917616f0a880e5fd
	at com.devinarena.SolverTest.attemptSolve(SolverTest.java:72)
]]></failure>
  </testcase>
  <testcase name="signoutTest" classname="com.devinarena.SignoutTest" time="0">
    <skipped message="Method SignoutTest.signoutTest()[pri:1, instance:com.devinarena.SignoutTest@6069db50] depends on not successfully finished methods in group &quot;solve-problem&quot;"/>
  </testcase>
  <testcase name="screenshotPageTest" classname="com.devinarena.SignoutTest" time="0">
    <skipped message="Method SignoutTest.screenshotPageTest()[pri:2, instance:com.devinarena.SignoutTest@6069db50] depends on not successfully finished methods in group &quot;solve-problem&quot;"/>
  </testcase>
  <testcase name="confirmSignoutTest" classname="com.devinarena.SignoutTest" time="0">
    <skipped message="Method SignoutTest.confirmSignoutTest()[pri:3, instance:com.devinarena.SignoutTest@6069db50] depends on not successfully finished methods in group &quot;solve-problem&quot;"/>
  </testcase>
</testsuite>